0 info it worked if it ends with ok
1 verbose cli [ '/home/kandie/.nvm/versions/node/v6.3.1/bin/node',
1 verbose cli   '/home/kandie/.nvm/versions/node/v6.3.1/bin/npm',
1 verbose cli   'run',
1 verbose cli   'test' ]
2 info using npm@3.10.3
3 info using node@v6.3.1
4 verbose run-script [ 'pretest', 'test', 'posttest' ]
5 info lifecycle webpack-config-composer@1.0.0~pretest: webpack-config-composer@1.0.0
6 silly lifecycle webpack-config-composer@1.0.0~pretest: no script for pretest, continuing
7 info lifecycle webpack-config-composer@1.0.0~test: webpack-config-composer@1.0.0
8 verbose lifecycle webpack-config-composer@1.0.0~test: unsafe-perm in lifecycle true
9 verbose lifecycle webpack-config-composer@1.0.0~test: PATH: /home/kandie/.nvm/versions/node/v6.3.1/lib/node_modules/npm/bin/node-gyp-bin:/home/kandie/Workspace/Projects/happypack/packages/webpack-config-composer/node_modules/.bin:/home/kandie/.nvm/versions/node/v6.3.1/bin:/home/kandie/.nvm/versions/node/v6.3.1/bin:/home/kandie/.rbenv/shims:/home/kandie/.rbenv/bin:/opt/android-sdk/platform-tools:/opt/android-sdk/tools:/home/kandie/.rbenv/shims:/home/kandie/.rbenv/bin:/opt/android-sdk/platform-tools:/opt/android-sdk/tools:/usr/local/sbin:/usr/local/bin:/usr/bin:/opt/android-sdk/platform-tools:/usr/lib/jvm/default/bin:/usr/bin/site_perl:/usr/bin/vendor_perl:/usr/bin/core_perl
10 verbose lifecycle webpack-config-composer@1.0.0~test: CWD: /home/kandie/Workspace/Projects/happypack/packages/webpack-config-composer
11 silly lifecycle webpack-config-composer@1.0.0~test: Args: [ '-c', 'mocha \'src/__tests__/*.test.js\'' ]
12 silly lifecycle webpack-config-composer@1.0.0~test: Returned: code: 1  signal: null
13 info lifecycle webpack-config-composer@1.0.0~test: Failed to exec test script
14 verbose stack Error: webpack-config-composer@1.0.0 test: `mocha 'src/__tests__/*.test.js'`
14 verbose stack Exit status 1
14 verbose stack     at EventEmitter.<anonymous> (/home/kandie/.nvm/versions/node/v6.3.1/lib/node_modules/npm/lib/utils/lifecycle.js:242:16)
14 verbose stack     at emitTwo (events.js:106:13)
14 verbose stack     at EventEmitter.emit (events.js:191:7)
14 verbose stack     at ChildProcess.<anonymous> (/home/kandie/.nvm/versions/node/v6.3.1/lib/node_modules/npm/lib/utils/spawn.js:40:14)
14 verbose stack     at emitTwo (events.js:106:13)
14 verbose stack     at ChildProcess.emit (events.js:191:7)
14 verbose stack     at maybeClose (internal/child_process.js:852:16)
14 verbose stack     at Process.ChildProcess._handle.onexit (internal/child_process.js:215:5)
15 verbose pkgid webpack-config-composer@1.0.0
16 verbose cwd /home/kandie/Workspace/Projects/happypack/packages/webpack-config-composer
17 error Linux 4.11.6-3-ARCH
18 error argv "/home/kandie/.nvm/versions/node/v6.3.1/bin/node" "/home/kandie/.nvm/versions/node/v6.3.1/bin/npm" "run" "test"
19 error node v6.3.1
20 error npm  v3.10.3
21 error code ELIFECYCLE
22 error webpack-config-composer@1.0.0 test: `mocha 'src/__tests__/*.test.js'`
22 error Exit status 1
23 error Failed at the webpack-config-composer@1.0.0 test script 'mocha 'src/__tests__/*.test.js''.
23 error Make sure you have the latest version of node.js and npm installed.
23 error If you do, this is most likely a problem with the webpack-config-composer package,
23 error not with npm itself.
23 error Tell the author that this fails on your system:
23 error     mocha 'src/__tests__/*.test.js'
23 error You can get information on how to open an issue for this project with:
23 error     npm bugs webpack-config-composer
23 error Or if that isn't available, you can get their info via:
23 error     npm owner ls webpack-config-composer
23 error There is likely additional logging output above.
24 verbose exit [ 1, true ]
